JPushLikeyou/build/outputs/logs/manifest-merger-debug-report.txt
-- Merging decision tree log ---
manifest
ADDED from Likeyou/JPushLikeyou/AndroidManifest.xml:2:1-171:12
INJECTED from Likeyou/JPushLikeyou/AndroidManifest.xml:2:1-171:12
INJECTED from Likeyou/JPushLikeyou/AndroidManifest.xml:2:1-171:12
INJECTED from Likeyou/JPushLikeyou/AndroidManifest.xml:2:1-171:12
INJECTED from Likeyou/JPushLikeyou/AndroidManifest.xml:2:1-171:12
	package
		ADDED from Likeyou/JPushLikeyou/AndroidManifest.xml:3:5-34
	android:versionName
		ADDED from Likeyou/JPushLikeyou/AndroidManifest.xml:5:5-32
		INJECTED from Likeyou/JPushLikeyou/AndroidManifest.xml
		INJECTED from Likeyou/JPushLikeyou/AndroidManifest.xml
	xmlns:android
		ADDED from Likeyou/JPushLikeyou/AndroidManifest.xml:2:11-69
	android:versionCode
		ADDED from Likeyou/JPushLikeyou/AndroidManifest.xml:4:5-30
		INJECTED from Likeyou/JPushLikeyou/AndroidManifest.xml
		INJECTED from Likeyou/JPushLikeyou/AndroidManifest.xml
uses-sdk
ADDED from Likeyou/JPushLikeyou/AndroidManifest.xml:7:5-73
	android:targetSdkVersion
		ADDED from Likeyou/JPushLikeyou/AndroidManifest.xml:7:41-70
	android:minSdkVersion
		ADDED from Likeyou/JPushLikeyou/AndroidManifest.xml:7:15-40
permission#com.you.yan.likeyou.permission.JPUSH_MESSAGE
ADDED from Likeyou/JPushLikeyou/AndroidManifest.xml:10:5-12:47
	android:protectionLevel
		ADDED from Likeyou/JPushLikeyou/AndroidManifest.xml:12:9-44
	android:name
		ADDED from Likeyou/JPushLikeyou/AndroidManifest.xml:11:9-68
uses-permission#com.you.yan.likeyou.permission.JPUSH_MESSAGE
ADDED from Likeyou/JPushLikeyou/AndroidManifest.xml:15:5-84
	android:name
		ADDED from Likeyou/JPushLikeyou/AndroidManifest.xml:15:22-81
uses-permission#android.permission.RECEIVE_USER_PRESENT
ADDED from Likeyou/JPushLikeyou/AndroidManifest.xml:16:5-79
	android:name
		ADDED from Likeyou/JPushLikeyou/AndroidManifest.xml:16:22-76
uses-permission#android.permission.INTERNET
ADDED from Likeyou/JPushLikeyou/AndroidManifest.xml:17:5-67
	android:name
		ADDED from Likeyou/JPushLikeyou/AndroidManifest.xml:17:22-64
uses-permission#android.permission.WAKE_LOCK
ADDED from Likeyou/JPushLikeyou/AndroidManifest.xml:18:5-68
	android:name
		ADDED from Likeyou/JPushLikeyou/AndroidManifest.xml:18:22-65
uses-permission#android.permission.READ_PHONE_STATE
ADDED from Likeyou/JPushLikeyou/AndroidManifest.xml:19:5-75
	android:name
		ADDED from Likeyou/JPushLikeyou/AndroidManifest.xml:19:22-72
uses-permission#android.permission.WRITE_EXTERNAL_STORAGE
ADDED from Likeyou/JPushLikeyou/AndroidManifest.xml:20:5-81
	android:name
		ADDED from Likeyou/JPushLikeyou/AndroidManifest.xml:20:22-78
uses-permission#android.permission.READ_EXTERNAL_STORAGE
ADDED from Likeyou/JPushLikeyou/AndroidManifest.xml:21:5-80
	android:name
		ADDED from Likeyou/JPushLikeyou/AndroidManifest.xml:21:22-77
uses-permission#android.permission.WRITE_SETTINGS
ADDED from Likeyou/JPushLikeyou/AndroidManifest.xml:22:5-73
	android:name
		ADDED from Likeyou/JPushLikeyou/AndroidManifest.xml:22:22-70
uses-permission#android.permission.VIBRATE
ADDED from Likeyou/JPushLikeyou/AndroidManifest.xml:23:5-66
	android:name
		ADDED from Likeyou/JPushLikeyou/AndroidManifest.xml:23:22-63
uses-permission#android.permission.MOUNT_UNMOUNT_FILESYSTEMS
ADDED from Likeyou/JPushLikeyou/AndroidManifest.xml:24:5-84
	android:name
		ADDED from Likeyou/JPushLikeyou/AndroidManifest.xml:24:22-81
uses-permission#android.permission.ACCESS_NETWORK_STATE
ADDED from Likeyou/JPushLikeyou/AndroidManifest.xml:25:5-79
	android:name
		ADDED from Likeyou/JPushLikeyou/AndroidManifest.xml:25:22-76
uses-permission#android.permission.ACCESS_WIFI_STATE
ADDED from Likeyou/JPushLikeyou/AndroidManifest.xml:26:5-76
	android:name
		ADDED from Likeyou/JPushLikeyou/AndroidManifest.xml:26:22-73
uses-permission#android.permission.SYSTEM_ALERT_WINDOW
ADDED from Likeyou/JPushLikeyou/AndroidManifest.xml:31:5-78
	android:name
		ADDED from Likeyou/JPushLikeyou/AndroidManifest.xml:31:22-75
uses-permission#android.permission.ACCESS_COARSE_LOCATION
ADDED from Likeyou/JPushLikeyou/AndroidManifest.xml:32:5-81
	android:name
		ADDED from Likeyou/JPushLikeyou/AndroidManifest.xml:32:22-78
uses-permission#android.permission.CHANGE_WIFI_STATE
ADDED from Likeyou/JPushLikeyou/AndroidManifest.xml:33:5-76
	android:name
		ADDED from Likeyou/JPushLikeyou/AndroidManifest.xml:33:22-73
uses-permission#android.permission.ACCESS_FINE_LOCATION
ADDED from Likeyou/JPushLikeyou/AndroidManifest.xml:34:5-79
	android:name
		ADDED from Likeyou/JPushLikeyou/AndroidManifest.xml:34:22-76
uses-permission#android.permission.ACCESS_LOCATION_EXTRA_COMMANDS
ADDED from Likeyou/JPushLikeyou/AndroidManifest.xml:35:5-89
	android:name
		ADDED from Likeyou/JPushLikeyou/AndroidManifest.xml:35:22-86
uses-permission#android.permission.CHANGE_NETWORK_STATE
ADDED from Likeyou/JPushLikeyou/AndroidManifest.xml:36:5-79
	android:name
		ADDED from Likeyou/JPushLikeyou/AndroidManifest.xml:36:22-76
uses-permission#android.permission.GET_TASKS
ADDED from Likeyou/JPushLikeyou/AndroidManifest.xml:37:5-68
	android:name
		ADDED from Likeyou/JPushLikeyou/AndroidManifest.xml:37:22-65
application
ADDED from Likeyou/JPushLikeyou/AndroidManifest.xml:39:5-170:19
	android:label
		ADDED from Likeyou/JPushLikeyou/AndroidManifest.xml:42:9-41
	android:icon
		ADDED from Likeyou/JPushLikeyou/AndroidManifest.xml:40:9-45
	android:allowBackup
		ADDED from Likeyou/JPushLikeyou/AndroidManifest.xml:41:9-36
	android:name
		ADDED from Likeyou/JPushLikeyou/AndroidManifest.xml:43:9-64
activity#com.example.jpushdemo.MainActivity
ADDED from Likeyou/JPushLikeyou/AndroidManifest.xml:46:9-53:20
	android:label
		ADDED from Likeyou/JPushLikeyou/AndroidManifest.xml:48:13-45
	android:name
		ADDED from Likeyou/JPushLikeyou/AndroidManifest.xml:47:13-62
intent-filter#android.intent.action.MAIN+android.intent.category.LAUNCHER
ADDED from Likeyou/JPushLikeyou/AndroidManifest.xml:49:13-52:29
action#android.intent.action.MAIN
ADDED from Likeyou/JPushLikeyou/AndroidManifest.xml:50:17-69
	android:name
		ADDED from Likeyou/JPushLikeyou/AndroidManifest.xml:50:25-66
category#android.intent.category.LAUNCHER
ADDED from Likeyou/JPushLikeyou/AndroidManifest.xml:51:17-77
	android:name
		ADDED from Likeyou/JPushLikeyou/AndroidManifest.xml:51:27-74
activity#com.example.jpushdemo.PushSetActivity
ADDED from Likeyou/JPushLikeyou/AndroidManifest.xml:55:8-115
	android:label
		ADDED from Likeyou/JPushLikeyou/AndroidManifest.xml:55:71-103
	android:name
		ADDED from Likeyou/JPushLikeyou/AndroidManifest.xml:55:18-70
activity#com.example.jpushdemo.SettingActivity
ADDED from Likeyou/JPushLikeyou/AndroidManifest.xml:57:8-115
	android:label
		ADDED from Likeyou/JPushLikeyou/AndroidManifest.xml:57:71-103
	android:name
		ADDED from Likeyou/JPushLikeyou/AndroidManifest.xml:57:18-70
activity#com.example.jpushdemo.TestActivity
ADDED from Likeyou/JPushLikeyou/AndroidManifest.xml:59:9-64:20
	android:exported
		ADDED from Likeyou/JPushLikeyou/AndroidManifest.xml:59:69-93
	android:name
		ADDED from Likeyou/JPushLikeyou/AndroidManifest.xml:59:19-68
intent-filter#jpush.testAction+jpush.testCategory
ADDED from Likeyou/JPushLikeyou/AndroidManifest.xml:60:13-63:29
action#jpush.testAction
ADDED from Likeyou/JPushLikeyou/AndroidManifest.xml:61:17-59
	android:name
		ADDED from Likeyou/JPushLikeyou/AndroidManifest.xml:61:25-56
category#jpush.testCategory
ADDED from Likeyou/JPushLikeyou/AndroidManifest.xml:62:17-63
	android:name
		ADDED from Likeyou/JPushLikeyou/AndroidManifest.xml:62:27-60
activity#cn.jpush.android.ui.PopWinActivity
ADDED from Likeyou/JPushLikeyou/AndroidManifest.xml:67:9-71:20
	android:exported
		ADDED from Likeyou/JPushLikeyou/AndroidManifest.xml:70:13-37
	android:theme
		ADDED from Likeyou/JPushLikeyou/AndroidManifest.xml:69:13-49
	android:name
		ADDED from Likeyou/JPushLikeyou/AndroidManifest.xml:68:13-62
activity#cn.jpush.android.ui.PushActivity
ADDED from Likeyou/JPushLikeyou/AndroidManifest.xml:74:9-84:20
	android:exported
		ADDED from Likeyou/JPushLikeyou/AndroidManifest.xml:78:13-37
	android:configChanges
		ADDED from Likeyou/JPushLikeyou/AndroidManifest.xml:76:13-63
	android:theme
		ADDED from Likeyou/JPushLikeyou/AndroidManifest.xml:77:13-60
	android:name
		ADDED from Likeyou/JPushLikeyou/AndroidManifest.xml:75:13-60
intent-filter#android.intent.category.DEFAULT+cn.jpush.android.ui.PushActivity+com.you.yan.likeyou
ADDED from Likeyou/JPushLikeyou/AndroidManifest.xml:79:13-83:29
action#cn.jpush.android.ui.PushActivity
ADDED from Likeyou/JPushLikeyou/AndroidManifest.xml:80:17-75
	android:name
		ADDED from Likeyou/JPushLikeyou/AndroidManifest.xml:80:25-72
category#android.intent.category.DEFAULT
ADDED from Likeyou/JPushLikeyou/AndroidManifest.xml:81:17-76
	android:name
		ADDED from Likeyou/JPushLikeyou/AndroidManifest.xml:81:27-73
category#com.you.yan.likeyou
ADDED from Likeyou/JPushLikeyou/AndroidManifest.xml:82:17-64
	android:name
		ADDED from Likeyou/JPushLikeyou/AndroidManifest.xml:82:27-61
service#cn.jpush.android.service.PushService
ADDED from Likeyou/JPushLikeyou/AndroidManifest.xml:88:9-98:19
	android:process
		ADDED from Likeyou/JPushLikeyou/AndroidManifest.xml:90:13-36
	android:exported
		ADDED from Likeyou/JPushLikeyou/AndroidManifest.xml:91:13-37
	android:name
		ADDED from Likeyou/JPushLikeyou/AndroidManifest.xml:89:13-64
intent-filter#cn.jpush.android.intent.PUSH_TIME+cn.jpush.android.intent.PushService+cn.jpush.android.intent.REGISTER+cn.jpush.android.intent.REPORT
ADDED from Likeyou/JPushLikeyou/AndroidManifest.xml:92:13-97:29
action#cn.jpush.android.intent.REGISTER
ADDED from Likeyou/JPushLikeyou/AndroidManifest.xml:93:17-75
	android:name
		ADDED from Likeyou/JPushLikeyou/AndroidManifest.xml:93:25-72
action#cn.jpush.android.intent.REPORT
ADDED from Likeyou/JPushLikeyou/AndroidManifest.xml:94:17-73
	android:name
		ADDED from Likeyou/JPushLikeyou/AndroidManifest.xml:94:25-70
action#cn.jpush.android.intent.PushService
ADDED from Likeyou/JPushLikeyou/AndroidManifest.xml:95:17-78
	android:name
		ADDED from Likeyou/JPushLikeyou/AndroidManifest.xml:95:25-75
action#cn.jpush.android.intent.PUSH_TIME
ADDED from Likeyou/JPushLikeyou/AndroidManifest.xml:96:17-76
	android:name
		ADDED from Likeyou/JPushLikeyou/AndroidManifest.xml:96:25-73
provider#cn.jpush.android.service.DataProvider
ADDED from Likeyou/JPushLikeyou/AndroidManifest.xml:100:9-104:11
	android:authorities
		ADDED from Likeyou/JPushLikeyou/AndroidManifest.xml:101:13-67
	android:exported
		ADDED from Likeyou/JPushLikeyou/AndroidManifest.xml:103:13-36
	android:name
		ADDED from Likeyou/JPushLikeyou/AndroidManifest.xml:102:13-65
service#cn.jpush.android.service.DaemonService
ADDED from Likeyou/JPushLikeyou/AndroidManifest.xml:108:9-117:19
	android:enabled
		ADDED from Likeyou/JPushLikeyou/AndroidManifest.xml:110:13-35
	android:exported
		ADDED from Likeyou/JPushLikeyou/AndroidManifest.xml:111:13-36
	android:name
		ADDED from Likeyou/JPushLikeyou/AndroidManifest.xml:109:13-66
intent-filter#cn.jpush.android.intent.DaemonService+com.you.yan.likeyou
ADDED from Likeyou/JPushLikeyou/AndroidManifest.xml:112:13-115:29
action#cn.jpush.android.intent.DaemonService
ADDED from Likeyou/JPushLikeyou/AndroidManifest.xml:113:17-80
	android:name
		ADDED from Likeyou/JPushLikeyou/AndroidManifest.xml:113:25-77
receiver#cn.jpush.android.service.PushReceiver
ADDED from Likeyou/JPushLikeyou/AndroidManifest.xml:120:9-139:20
	android:enabled
		ADDED from Likeyou/JPushLikeyou/AndroidManifest.xml:122:13-35
	android:exported
		ADDED from Likeyou/JPushLikeyou/AndroidManifest.xml:123:13-37
	android:name
		ADDED from Likeyou/JPushLikeyou/AndroidManifest.xml:121:13-65
intent-filter#cn.jpush.android.intent.NOTIFICATION_RECEIVED_PROXY+com.you.yan.likeyou
ADDED from Likeyou/JPushLikeyou/AndroidManifest.xml:124:13-127:29
	android:priority
		ADDED from Likeyou/JPushLikeyou/AndroidManifest.xml:124:28-51
action#cn.jpush.android.intent.NOTIFICATION_RECEIVED_PROXY
ADDED from Likeyou/JPushLikeyou/AndroidManifest.xml:125:17-94
	android:name
		ADDED from Likeyou/JPushLikeyou/AndroidManifest.xml:125:25-91
intent-filter#android.intent.action.USER_PRESENT+android.net.conn.CONNECTIVITY_CHANGE
ADDED from Likeyou/JPushLikeyou/AndroidManifest.xml:128:13-131:29
action#android.intent.action.USER_PRESENT
ADDED from Likeyou/JPushLikeyou/AndroidManifest.xml:129:17-77
	android:name
		ADDED from Likeyou/JPushLikeyou/AndroidManifest.xml:129:25-74
action#android.net.conn.CONNECTIVITY_CHANGE
ADDED from Likeyou/JPushLikeyou/AndroidManifest.xml:130:17-79
	android:name
		ADDED from Likeyou/JPushLikeyou/AndroidManifest.xml:130:25-76
intent-filter#android.intent.action.PACKAGE_ADDED+android.intent.action.PACKAGE_REMOVED
ADDED from Likeyou/JPushLikeyou/AndroidManifest.xml:133:13-138:29
action#android.intent.action.PACKAGE_ADDED
ADDED from Likeyou/JPushLikeyou/AndroidManifest.xml:134:17-78
	android:name
		ADDED from Likeyou/JPushLikeyou/AndroidManifest.xml:134:25-75
action#android.intent.action.PACKAGE_REMOVED
ADDED from Likeyou/JPushLikeyou/AndroidManifest.xml:135:17-80
	android:name
		ADDED from Likeyou/JPushLikeyou/AndroidManifest.xml:135:25-77
data
ADDED from Likeyou/JPushLikeyou/AndroidManifest.xml:137:17-50
	android:scheme
		ADDED from Likeyou/JPushLikeyou/AndroidManifest.xml:137:23-47
receiver#cn.jpush.android.service.AlarmReceiver
ADDED from Likeyou/JPushLikeyou/AndroidManifest.xml:142:9-99
	android:exported
		ADDED from Likeyou/JPushLikeyou/AndroidManifest.xml:142:73-97
	android:name
		ADDED from Likeyou/JPushLikeyou/AndroidManifest.xml:142:19-72
receiver#com.example.jpushdemo.MyReceiver
ADDED from Likeyou/JPushLikeyou/AndroidManifest.xml:145:9-157:20
	android:enabled
		ADDED from Likeyou/JPushLikeyou/AndroidManifest.xml:148:13-35
	android:exported
		ADDED from Likeyou/JPushLikeyou/AndroidManifest.xml:147:13-37
	android:name
		ADDED from Likeyou/JPushLikeyou/AndroidManifest.xml:146:13-60
intent-filter#cn.jpush.android.intent.CONNECTION+cn.jpush.android.intent.MESSAGE_RECEIVED+cn.jpush.android.intent.NOTIFICATION_OPENED+cn.jpush.android.intent.NOTIFICATION_RECEIVED+cn.jpush.android.intent.REGISTRATION+com.you.yan.likeyou
ADDED from Likeyou/JPushLikeyou/AndroidManifest.xml:149:13-156:29
action#cn.jpush.android.intent.REGISTRATION
ADDED from Likeyou/JPushLikeyou/AndroidManifest.xml:150:17-79
	android:name
		ADDED from Likeyou/JPushLikeyou/AndroidManifest.xml:150:25-76
action#cn.jpush.android.intent.MESSAGE_RECEIVED
ADDED from Likeyou/JPushLikeyou/AndroidManifest.xml:151:17-83
	android:name
		ADDED from Likeyou/JPushLikeyou/AndroidManifest.xml:151:25-80
action#cn.jpush.android.intent.NOTIFICATION_RECEIVED
ADDED from Likeyou/JPushLikeyou/AndroidManifest.xml:152:17-88
	android:name
		ADDED from Likeyou/JPushLikeyou/AndroidManifest.xml:152:25-85
action#cn.jpush.android.intent.NOTIFICATION_OPENED
ADDED from Likeyou/JPushLikeyou/AndroidManifest.xml:153:17-86
	android:name
		ADDED from Likeyou/JPushLikeyou/AndroidManifest.xml:153:25-83
action#cn.jpush.android.intent.CONNECTION
ADDED from Likeyou/JPushLikeyou/AndroidManifest.xml:154:17-77
	android:name
		ADDED from Likeyou/JPushLikeyou/AndroidManifest.xml:154:25-74
receiver#com.example.jpushdemo.MyJPushMessageReceiver
ADDED from Likeyou/JPushLikeyou/AndroidManifest.xml:160:9-165:20
	android:name
		ADDED from Likeyou/JPushLikeyou/AndroidManifest.xml:160:19-78
intent-filter#cn.jpush.android.intent.RECEIVE_MESSAGE+com.you.yan.likeyou
ADDED from Likeyou/JPushLikeyou/AndroidManifest.xml:161:13-164:29
action#cn.jpush.android.intent.RECEIVE_MESSAGE
ADDED from Likeyou/JPushLikeyou/AndroidManifest.xml:162:17-82
	android:name
		ADDED from Likeyou/JPushLikeyou/AndroidManifest.xml:162:25-79
meta-data#JPUSH_CHANNEL
ADDED from Likeyou/JPushLikeyou/AndroidManifest.xml:167:9-84
	android:value
		ADDED from Likeyou/JPushLikeyou/AndroidManifest.xml:167:49-82
	android:name
		ADDED from Likeyou/JPushLikeyou/AndroidManifest.xml:167:20-48
meta-data#JPUSH_APPKEY
ADDED from Likeyou/JPushLikeyou/AndroidManifest.xml:168:9-91
	android:value
		ADDED from Likeyou/JPushLikeyou/AndroidManifest.xml:168:48-88
	android:name
		ADDED from Likeyou/JPushLikeyou/AndroidManifest.xml:168:20-47